<?xml version="1.0" encoding="UTF-8"?>
<testsuite xmlns:xsi="http://www.w3.org/2001/XMLSchema-instance" xsi:noNamespaceSchemaLocation="https://maven.apache.org/surefire/maven-surefire-plugin/xsd/surefire-test-report.xsd" name="org.example.AppTest" time="0.17" tests="5" errors="0" skipped="0" failures="0">
  <properties>
[...]
</properties>
  <testcase name="shouldAnswerWithTrue" classname="org.example.AppTest" time="0.003"/>
  <testcase name="printMaxNumberInRadix32" classname="org.example.AppTest" time="0"/>
  <testcase name="printNumbersInRadix32" classname="org.example.AppTest" time="0"/>
  <testcase name="addOneToSomeRandomNumbers" classname="org.example.AppTest" time="0.073"/>
  <testcase name="addOneToSomeRandomNumbersByUsingLongMethods" classname="org.example.AppTest" time="0.051"/>
</testsuite>